<?xml version="1.0" encoding="UTF-8"?>
<!-- Generated by org.testng.reporters.JUnitReportReporter -->
<testsuite hostname="CISPL-IO-199.local" failures="0" tests="4" name="Test.BaseTest" time="27.162" errors="0" timestamp="2024-03-15T17:13:53 IST" skipped="0">
  <testcase classname="Test.BaseTest" name="signUpTest" time="4.585"/>
  <system-out/>
  <testcase classname="Test.BaseTest" name="loginTest" time="3.913"/>
  <system-out/>
  <testcase classname="Test.BaseTest" name="selectProductAndAddToCartTest" time="14.843"/>
  <system-out/>
  <testcase classname="Test.BaseTest" name="VerifyCartProducts" time="3.821"/>
  <system-out/>
</testsuite> <!-- Test.BaseTest -->
