<?xml version="1.0" encoding="UTF-8"?>
<!-- Generated by org.testng.reporters.JUnitReportReporter -->
<testsuite hostname="CISPL-IO-199.local" failures="0" tests="2" name="Test.BaseTest" time="6.996" errors="0" timestamp="2024-03-12T17:57:20 IST" skipped="0">
  <testcase classname="Test.BaseTest" name="SignUpTest" time="3.086"/>
  <system-out/>
  <testcase classname="Test.BaseTest" name="LoginTest" time="3.910"/>
  <system-out/>
</testsuite> <!-- Test.BaseTest -->
