<?xml version="1.0" encoding="UTF-8"?>
<!-- Generated by org.testng.reporters.JUnitReportReporter -->
<testsuite hostname="CISPL-IO-199.local" failures="0" tests="4" name="Test.BaseTest" time="23.394" errors="0" timestamp="2024-03-15T16:32:25 IST" skipped="0">
  <testcase classname="Test.BaseTest" name="signUpTest" time="3.134"/>
  <system-out/>
  <testcase classname="Test.BaseTest" name="loginTest" time="3.873"/>
  <system-out/>
  <testcase classname="Test.BaseTest" name="selectProductAndAddToCartTest" time="13.595"/>
  <system-out/>
  <testcase classname="Test.BaseTest" name="VerifyCartProducts" time="2.792"/>
  <system-out/>
</testsuite> <!-- Test.BaseTest -->
