<?xml version="1.0" encoding="UTF-8"?>
<!-- Generated by org.testng.reporters.JUnitReportReporter -->
<testsuite hostname="CISPL-IO-199.local" failures="0" tests="7" name="Test.BaseTest" time="30.981" errors="0" timestamp="2024-04-12T14:58:05 IST" skipped="0">
  <testcase classname="Test.BaseTest" name="signUpTest" time="5.139"/>
  <system-out/>
  <testcase classname="Test.BaseTest" name="loginTest" time="3.968"/>
  <system-out/>
  <testcase classname="Test.BaseTest" name="selectProductAndAddToCartTest" time="16.334"/>
  <system-out/>
  <testcase classname="Test.BaseTest" name="VerifyCartProducts" time="4.255"/>
  <system-out/>
  <testcase classname="Test.BaseTest" name="PurchaseWithoutFillingTheForm" time="0.608"/>
  <system-out/>
  <testcase classname="Test.BaseTest" name="PurchaseAfterFillingTheForm" time="0.595"/>
  <system-out/>
  <testcase classname="Test.BaseTest" name="VerifyOrderDetails" time="0.082"/>
  <system-out/>
</testsuite> <!-- Test.BaseTest -->
