<?xml version="1.0" encoding="UTF-8"?>
<!-- Generated by org.testng.reporters.JUnitReportReporter -->
<testsuite hostname="CISPL-IO-391.local" failures="0" tests="2" name="Test.BaseTestPanorama" time="22.360" errors="0" timestamp="2023-09-09T00:17:20 IST" skipped="0">
  <testcase classname="Test.BaseTestPanorama" name="LoginWithInvalidData" time="10.621"/>
  <testcase classname="Test.BaseTestPanorama" name="LoginWithvalid" time="11.739"/>
</testsuite> <!-- Test.BaseTestPanorama -->
