<?xml version="1.0" encoding="UTF-8"?>
<!-- Generated by org.testng.reporters.JUnitReportReporter -->
<testsuite hostname="CISPL-IO-199.local" failures="0" tests="4" name="Test.BaseTest" time="24.811" errors="0" timestamp="2024-03-15T16:49:46 IST" skipped="0">
  <testcase classname="Test.BaseTest" name="signUpTest" time="4.911"/>
  <system-out/>
  <testcase classname="Test.BaseTest" name="loginTest" time="3.885"/>
  <system-out/>
  <testcase classname="Test.BaseTest" name="selectProductAndAddToCartTest" time="13.268"/>
  <system-out/>
  <testcase classname="Test.BaseTest" name="VerifyCartProducts" time="2.747"/>
  <system-out/>
</testsuite> <!-- Test.BaseTest -->
