<?xml version="1.0" encoding="UTF-8"?>
<!-- Generated by org.testng.reporters.JUnitReportReporter -->
<testsuite hostname="CISPL-IO-199.local" failures="0" tests="1" name="OfferByAffiliatesFlowChromeBrowser" time="79.329" errors="0" timestamp="2024-07-09T15:41:39 IST" skipped="0">
  <testcase classname="OfferByAffiliatesFlowChromeBrowser" name="TrackingFirefox" time="79.329"/>
</testsuite> <!-- OfferByAffiliatesFlowChromeBrowser -->
