<?xml version="1.0" encoding="UTF-8"?>
<!-- Generated by org.testng.reporters.JUnitReportReporter -->
<testsuite hostname="CISPL-IO-199.local" failures="0" tests="4" name="Test.BaseTest" time="22.161" errors="0" timestamp="2024-03-15T16:55:53 IST" skipped="0">
  <testcase classname="Test.BaseTest" name="signUpTest" time="3.251"/>
  <system-out/>
  <testcase classname="Test.BaseTest" name="loginTest" time="3.872"/>
  <system-out/>
  <testcase classname="Test.BaseTest" name="selectProductAndAddToCartTest" time="12.193"/>
  <system-out/>
  <testcase classname="Test.BaseTest" name="VerifyCartProducts" time="2.845"/>
  <system-out/>
</testsuite> <!-- Test.BaseTest -->
