<?xml version="1.0" encoding="UTF-8"?>
<!-- Generated by org.testng.reporters.JUnitReportReporter -->
<testsuite hostname="CISPL-IO-199.local" failures="0" tests="1" name="OfferByAffiliatesFlowChromeBrowser" time="1373.252" errors="0" timestamp="2024-07-01T12:45:02 IST" skipped="0">
  <testcase classname="OfferByAffiliatesFlowChromeBrowser" name="TrackingFirefox" time="1373.252"/>
</testsuite> <!-- OfferByAffiliatesFlowChromeBrowser -->
